<?xml version="1.0" encoding="UTF-8"?>
<testsuites name="jest tests" tests="279" failures="0" errors="0" time="12.146">
  <testsuite name="SupabaseService" errors="0" failures="0" skipped="0" timestamp="2026-06-10T08:25:53" time="4.919" tests="18">
    <testcase classname="SupabaseService onModuleInit / getClient should be defined" name="SupabaseService onModuleInit / getClient should be defined" time="0.045">
    </testcase>
    <testcase classname="SupabaseService onModuleInit / getClient creates a Supabase client when both URL and key are provided" name="SupabaseService onModuleInit / getClient creates a Supabase client when both URL and key are provided" time="0.007">
    </testcase>
    <testcase classname="SupabaseService onModuleInit / getClient leaves client null when URL is missing" name="SupabaseService onModuleInit / getClient leaves client null when URL is missing" time="0.005">
    </testcase>
    <testcase classname="SupabaseService onModuleInit / getClient leaves client null when key is missing" name="SupabaseService onModuleInit / getClient leaves client null when key is missing" time="0.009">
    </testcase>
    <testcase classname="SupabaseService onModuleInit / getClient leaves client null when both URL and key are missing" name="SupabaseService onModuleInit / getClient leaves client null when both URL and key are missing" time="0.004">
    </testcase>
    <testcase classname="SupabaseService onModuleInit / getClient creates scoped clients for tribe service env pairs" name="SupabaseService onModuleInit / getClient creates scoped clients for tribe service env pairs" time="0.009">
    </testcase>
    <testcase classname="SupabaseService onModuleInit / getClient supports scoped _SUPABASE_SERVICE_ROLE_KEY suffix" name="SupabaseService onModuleInit / getClient supports scoped _SUPABASE_SERVICE_ROLE_KEY suffix" time="0.006">
    </testcase>
    <testcase classname="SupabaseService onModuleInit / getClient ignores incomplete scoped service config" name="SupabaseService onModuleInit / getClient ignores incomplete scoped service config" time="0.005">
    </testcase>
    <testcase classname="SupabaseService onModuleInit / getClient returns null for unknown service client" name="SupabaseService onModuleInit / getClient returns null for unknown service client" time="0.005">
    </testcase>
    <testcase classname="SupabaseService ping() returns false immediately when client is null" name="SupabaseService ping() returns false immediately when client is null" time="0.003">
    </testcase>
    <testcase classname="SupabaseService ping() returns true when listUsers resolves without error" name="SupabaseService ping() returns true when listUsers resolves without error" time="0.004">
    </testcase>
    <testcase classname="SupabaseService ping() returns false when listUsers resolves with an error object" name="SupabaseService ping() returns false when listUsers resolves with an error object" time="0.004">
    </testcase>
    <testcase classname="SupabaseService ping() returns false when listUsers throws" name="SupabaseService ping() returns false when listUsers throws" time="0.003">
    </testcase>
    <testcase classname="SupabaseService ping() returns false when the 3-second timeout fires before listUsers resolves" name="SupabaseService ping() returns false when the 3-second timeout fires before listUsers resolves" time="0.007">
    </testcase>
    <testcase classname="SupabaseService ping() pings a scoped service client when service name is provided" name="SupabaseService ping() pings a scoped service client when service name is provided" time="0.004">
    </testcase>
    <testcase classname="SupabaseService ping() returns false when scoped service client is missing" name="SupabaseService ping() returns false when scoped service client is missing" time="0.003">
    </testcase>
    <testcase classname="SupabaseService getDefaultOrServiceClient() returns default client when service name is not provided" name="SupabaseService getDefaultOrServiceClient() returns default client when service name is not provided" time="0.004">
    </testcase>
    <testcase classname="SupabaseService getDefaultOrServiceClient() returns scoped client when service is provided" name="SupabaseService getDefaultOrServiceClient() returns scoped client when service is provided" time="0.003">
    </testcase>
  </testsuite>
  <testsuite name="AppController" errors="0" failures="0" skipped="0" timestamp="2026-06-10T08:25:53" time="5.853" tests="1">
    <testcase classname="AppController root should return service health status" name="AppController root should return service health status" time="0.03">
    </testcase>
  </testsuite>
  <testsuite name="ReportingController" errors="0" failures="0" skipped="0" timestamp="2026-06-10T08:25:53" time="6.201" tests="12">
    <testcase classname="ReportingController should be defined" name="ReportingController should be defined" time="0.03">
    </testcase>
    <testcase classname="ReportingController getActivityLogs should return logs on success" name="ReportingController getActivityLogs should return logs on success" time="0.006">
    </testcase>
    <testcase classname="ReportingController getActivityLogs should return empty array when no logs" name="ReportingController getActivityLogs should return empty array when no logs" time="0.005">
    </testcase>
    <testcase classname="ReportingController getActivityLogs should throw InternalServerErrorException on db error" name="ReportingController getActivityLogs should throw InternalServerErrorException on db error" time="0.02">
    </testcase>
    <testcase classname="ReportingController createActivityLog should return success on log creation" name="ReportingController createActivityLog should return success on log creation" time="0.004">
    </testcase>
    <testcase classname="ReportingController createActivityLog should throw InternalServerErrorException on db error" name="ReportingController createActivityLog should throw InternalServerErrorException on db error" time="0.004">
    </testcase>
    <testcase classname="ReportingController getShiftRecords should return shift records on success" name="ReportingController getShiftRecords should return shift records on success" time="0.003">
    </testcase>
    <testcase classname="ReportingController getShiftRecords should throw InternalServerErrorException on db error" name="ReportingController getShiftRecords should throw InternalServerErrorException on db error" time="0.004">
    </testcase>
    <testcase classname="ReportingController getMarketBasketRules should return message if no multi-item baskets" name="ReportingController getMarketBasketRules should return message if no multi-item baskets" time="0.05">
    </testcase>
    <testcase classname="ReportingController getMarketBasketRules should return frequent itemsets from multi-item baskets" name="ReportingController getMarketBasketRules should return frequent itemsets from multi-item baskets" time="0.009">
    </testcase>
    <testcase classname="ReportingController getMarketBasketRules should throw InternalServerErrorException on db error" name="ReportingController getMarketBasketRules should throw InternalServerErrorException on db error" time="0.004">
    </testcase>
    <testcase classname="ReportingController getMarketBasketRules should use default 5% support when no support param given" name="ReportingController getMarketBasketRules should use default 5% support when no support param given" time="0.004">
    </testcase>
  </testsuite>
  <testsuite name="CartService" errors="0" failures="0" skipped="0" timestamp="2026-06-10T08:25:53" time="6.042" tests="8">
    <testcase classname="CartService should be defined" name="CartService should be defined" time="0.033">
    </testcase>
    <testcase classname="CartService getCart should return empty array when cart is empty" name="CartService getCart should return empty array when cart is empty" time="0.006">
    </testcase>
    <testcase classname="CartService getCart should return merged cart items with product info" name="CartService getCart should return merged cart items with product info" time="0.005">
    </testcase>
    <testcase classname="CartService getCart should clamp quantity to stock" name="CartService getCart should clamp quantity to stock" time="0.004">
    </testcase>
    <testcase classname="CartService getCart should throw on db error" name="CartService getCart should throw on db error" time="0.017">
    </testcase>
    <testcase classname="CartService replaceCart should delete old cart and insert new items" name="CartService replaceCart should delete old cart and insert new items" time="0.004">
    </testcase>
    <testcase classname="CartService replaceCart should handle empty cart payload gracefully" name="CartService replaceCart should handle empty cart payload gracefully" time="0.016">
    </testcase>
    <testcase classname="CartService clearCart should delete all cart items for user" name="CartService clearCart should delete all cart items for user" time="0.003">
    </testcase>
  </testsuite>
  <testsuite name="RoleController" errors="0" failures="0" skipped="0" timestamp="2026-06-10T08:25:53" time="6.179" tests="12">
    <testcase classname="RoleController should be defined" name="RoleController should be defined" time="0.036">
    </testcase>
    <testcase classname="RoleController getUsers should return user list" name="RoleController getUsers should return user list" time="0.005">
    </testcase>
    <testcase classname="RoleController getUsers should return empty array when no users" name="RoleController getUsers should return empty array when no users" time="0.007">
    </testcase>
    <testcase classname="RoleController getUsers should throw InternalServerErrorException on error" name="RoleController getUsers should throw InternalServerErrorException on error" time="0.018">
    </testcase>
    <testcase classname="RoleController getUser should throw BadRequestException for invalid id" name="RoleController getUser should throw BadRequestException for invalid id" time="0.007">
    </testcase>
    <testcase classname="RoleController getUser should return user for valid id" name="RoleController getUser should return user for valid id" time="0.003">
    </testcase>
    <testcase classname="RoleController getUser should throw NotFoundException when user not found" name="RoleController getUser should throw NotFoundException when user not found" time="0.004">
    </testcase>
    <testcase classname="RoleController toggleActive should throw BadRequestException for invalid id" name="RoleController toggleActive should throw BadRequestException for invalid id" time="0.003">
    </testcase>
    <testcase classname="RoleController toggleActive should return updated user on success" name="RoleController toggleActive should return updated user on success" time="0.003">
    </testcase>
    <testcase classname="RoleController toggleActive should throw InternalServerErrorException on db error" name="RoleController toggleActive should throw InternalServerErrorException on db error" time="0.004">
    </testcase>
    <testcase classname="RoleController resetPassword should return success" name="RoleController resetPassword should return success" time="0.003">
    </testcase>
    <testcase classname="RoleController resetPassword should throw InternalServerErrorException on error" name="RoleController resetPassword should throw InternalServerErrorException on error" time="0.003">
    </testcase>
  </testsuite>
  <testsuite name="AuthController" errors="0" failures="0" skipped="0" timestamp="2026-06-10T08:25:53" time="6.114" tests="12">
    <testcase classname="AuthController should be defined" name="AuthController should be defined" time="0.044">
    </testcase>
    <testcase classname="AuthController login should return session and user on success" name="AuthController login should return session and user on success" time="0.006">
    </testcase>
    <testcase classname="AuthController login should throw UnauthorizedException on error" name="AuthController login should throw UnauthorizedException on error" time="0.018">
    </testcase>
    <testcase classname="AuthController logout should return success on logout" name="AuthController logout should return success on logout" time="0.004">
    </testcase>
    <testcase classname="AuthController logout should throw InternalServerErrorException on error" name="AuthController logout should throw InternalServerErrorException on error" time="0.008">
    </testcase>
    <testcase classname="AuthController getSession should return session" name="AuthController getSession should return session" time="0.003">
    </testcase>
    <testcase classname="AuthController getSession should throw UnauthorizedException on error" name="AuthController getSession should throw UnauthorizedException on error" time="0.003">
    </testcase>
    <testcase classname="AuthController getProfile should throw BadRequestException for invalid userId" name="AuthController getProfile should throw BadRequestException for invalid userId" time="0.008">
    </testcase>
    <testcase classname="AuthController getProfile should return profile data for valid userId" name="AuthController getProfile should return profile data for valid userId" time="0.004">
    </testcase>
    <testcase classname="AuthController getProfile should throw NotFoundException when profile not found" name="AuthController getProfile should throw NotFoundException when profile not found" time="0.04">
    </testcase>
    <testcase classname="AuthController changePassword should return success on password change" name="AuthController changePassword should return success on password change" time="0.004">
    </testcase>
    <testcase classname="AuthController changePassword should throw InternalServerErrorException on error" name="AuthController changePassword should throw InternalServerErrorException on error" time="0.004">
    </testcase>
  </testsuite>
  <testsuite name="InventoryController stock decrement logic" errors="0" failures="0" skipped="0" timestamp="2026-06-10T08:25:53" time="6.18" tests="4">
    <testcase classname="InventoryController stock decrement logic decrements product stock by the requested quantity" name="InventoryController stock decrement logic decrements product stock by the requested quantity" time="0.017">
    </testcase>
    <testcase classname="InventoryController stock decrement logic does not allow stock to go below zero" name="InventoryController stock decrement logic does not allow stock to go below zero" time="0.002">
    </testcase>
    <testcase classname="InventoryController stock decrement logic emits stock.low when new stock is equal to or below threshold" name="InventoryController stock decrement logic emits stock.low when new stock is equal to or below threshold" time="0.001">
    </testcase>
    <testcase classname="InventoryController stock decrement logic throws NotFoundException when product does not exist" name="InventoryController stock decrement logic throws NotFoundException when product does not exist" time="0.001">
    </testcase>
  </testsuite>
  <testsuite name="ProductsService" errors="0" failures="0" skipped="0" timestamp="2026-06-10T08:25:53" time="6.165" tests="12">
    <testcase classname="ProductsService should be defined" name="ProductsService should be defined" time="0.038">
    </testcase>
    <testcase classname="ProductsService queryProducts should return products excluding prescription categories" name="ProductsService queryProducts should return products excluding prescription categories" time="0.007">
    </testcase>
    <testcase classname="ProductsService queryProducts should filter by category" name="ProductsService queryProducts should filter by category" time="0.004">
    </testcase>
    <testcase classname="ProductsService queryProducts should filter by minPrice and maxPrice" name="ProductsService queryProducts should filter by minPrice and maxPrice" time="0.003">
    </testcase>
    <testcase classname="ProductsService queryProducts should filter by inStockOnly" name="ProductsService queryProducts should filter by inStockOnly" time="0.003">
    </testcase>
    <testcase classname="ProductsService queryProducts should search by name" name="ProductsService queryProducts should search by name" time="0.004">
    </testcase>
    <testcase classname="ProductsService queryProducts should sort by price ascending" name="ProductsService queryProducts should sort by price ascending" time="0.004">
    </testcase>
    <testcase classname="ProductsService queryProducts should sort by popularity (sold counts)" name="ProductsService queryProducts should sort by popularity (sold counts)" time="0.002">
    </testcase>
    <testcase classname="ProductsService getProductsByIds should return matched products" name="ProductsService getProductsByIds should return matched products" time="0.005">
    </testcase>
    <testcase classname="ProductsService getProductsByIds should return empty if empty array is provided" name="ProductsService getProductsByIds should return empty if empty array is provided" time="0.003">
    </testcase>
    <testcase classname="ProductsService updateStock should call supabaseAdmin update and clear cache" name="ProductsService updateStock should call supabaseAdmin update and clear cache" time="0.005">
    </testcase>
    <testcase classname="ProductsService updateStock should throw error for invalid id" name="ProductsService updateStock should throw error for invalid id" time="0.025">
    </testcase>
  </testsuite>
  <testsuite name="PromosService" errors="0" failures="0" skipped="0" timestamp="2026-06-10T08:25:53" time="6.471" tests="15">
    <testcase classname="PromosService should be defined" name="PromosService should be defined" time="0.037">
    </testcase>
    <testcase classname="PromosService normalizePromoCode should uppercase and trim code" name="PromosService normalizePromoCode should uppercase and trim code" time="0.005">
    </testcase>
    <testcase classname="PromosService validatePromoCode should return invalid if code is empty" name="PromosService validatePromoCode should return invalid if code is empty" time="0.005">
    </testcase>
    <testcase classname="PromosService validatePromoCode should return invalid if promo not found" name="PromosService validatePromoCode should return invalid if promo not found" time="0.003">
    </testcase>
    <testcase classname="PromosService validatePromoCode should return invalid if promo is inactive" name="PromosService validatePromoCode should return invalid if promo is inactive" time="0.006">
    </testcase>
    <testcase classname="PromosService validatePromoCode should return invalid if promo not started yet" name="PromosService validatePromoCode should return invalid if promo not started yet" time="0.004">
    </testcase>
    <testcase classname="PromosService validatePromoCode should return invalid if promo has expired" name="PromosService validatePromoCode should return invalid if promo has expired" time="0.003">
    </testcase>
    <testcase classname="PromosService validatePromoCode should return invalid if usage limit reached" name="PromosService validatePromoCode should return invalid if usage limit reached" time="0.003">
    </testcase>
    <testcase classname="PromosService validatePromoCode should return invalid if subtotal is below minimum" name="PromosService validatePromoCode should return invalid if subtotal is below minimum" time="0.004">
    </testcase>
    <testcase classname="PromosService validatePromoCode should return valid with fixed discount" name="PromosService validatePromoCode should return valid with fixed discount" time="0.005">
    </testcase>
    <testcase classname="PromosService validatePromoCode should return valid with percent discount" name="PromosService validatePromoCode should return valid with percent discount" time="0.002">
    </testcase>
    <testcase classname="PromosService validatePromoCode should cap percent discount at max_discount" name="PromosService validatePromoCode should cap percent discount at max_discount" time="0.002">
    </testcase>
    <testcase classname="PromosService validatePromoCode should throw if db returns error" name="PromosService validatePromoCode should throw if db returns error" time="0.025">
    </testcase>
    <testcase classname="PromosService incrementPromoUsage should increment promo usage count" name="PromosService incrementPromoUsage should increment promo usage count" time="0.003">
    </testcase>
    <testcase classname="PromosService incrementPromoUsage should throw if promo not found" name="PromosService incrementPromoUsage should throw if promo not found" time="0.003">
    </testcase>
  </testsuite>
  <testsuite name="OrderService" errors="0" failures="0" skipped="0" timestamp="2026-06-10T08:25:53" time="6.444" tests="21">
    <testcase classname="OrderService should be defined" name="OrderService should be defined" time="0.044">
    </testcase>
    <testcase classname="OrderService listCustomerOrders should return empty array when no orders found" name="OrderService listCustomerOrders should return empty array when no orders found" time="0.006">
    </testcase>
    <testcase classname="OrderService listCustomerOrders should throw on db error" name="OrderService listCustomerOrders should throw on db error" time="0.071">
    </testcase>
    <testcase classname="OrderService adminListAllOrders should return empty data on error" name="OrderService adminListAllOrders should return empty data on error" time="0.004">
    </testcase>
    <testcase classname="OrderService adminUpdateOrderStatus should return error if order not found" name="OrderService adminUpdateOrderStatus should return error if order not found" time="0.005">
    </testcase>
    <testcase classname="OrderService search should return empty array when no results" name="OrderService search should return empty array when no results" time="0.004">
    </testcase>
    <testcase classname="OrderService search should throw on db error" name="OrderService search should throw on db error" time="0.004">
    </testcase>
    <testcase classname="OrderService submitReturnRequest should return error if order not found" name="OrderService submitReturnRequest should return error if order not found" time="0.004">
    </testcase>
    <testcase classname="OrderService submitReturnRequest should return error if order does not belong to user" name="OrderService submitReturnRequest should return error if order does not belong to user" time="0.005">
    </testcase>
    <testcase classname="OrderService submitReturnRequest should return error if order is not Delivered" name="OrderService submitReturnRequest should return error if order is not Delivered" time="0.006">
    </testcase>
    <testcase classname="OrderService cancelOrder should return error if order not found" name="OrderService cancelOrder should return error if order not found" time="0.004">
    </testcase>
    <testcase classname="OrderService cancelOrder should return error if order is not Processing" name="OrderService cancelOrder should return error if order is not Processing" time="0.004">
    </testcase>
    <testcase classname="OrderService placeOrder should return error if shipping address is missing" name="OrderService placeOrder should return error if shipping address is missing" time="0.004">
    </testcase>
    <testcase classname="OrderService placeOrder should return error if cart is empty" name="OrderService placeOrder should return error if cart is empty" time="0.003">
    </testcase>
    <testcase classname="OrderService placeOrder should return error if product is missing" name="OrderService placeOrder should return error if product is missing" time="0.003">
    </testcase>
    <testcase classname="OrderService placeOrder should return error if product has insufficient stock" name="OrderService placeOrder should return error if product has insufficient stock" time="0.003">
    </testcase>
    <testcase classname="OrderService getPaymentStatus should return failed if order not found" name="OrderService getPaymentStatus should return failed if order not found" time="0.004">
    </testcase>
    <testcase classname="OrderService getPaymentStatus should return paid if payment_status is paid" name="OrderService getPaymentStatus should return paid if payment_status is paid" time="0.003">
    </testcase>
    <testcase classname="OrderService cancelPendingPayment should return error if order not found" name="OrderService cancelPendingPayment should return error if order not found" time="0.004">
    </testcase>
    <testcase classname="OrderService cancelPendingPayment should return error if user is not the owner" name="OrderService cancelPendingPayment should return error if user is not the owner" time="0.002">
    </testcase>
    <testcase classname="OrderService cancelPendingPayment should return error if order is not pending payment" name="OrderService cancelPendingPayment should return error if order is not pending payment" time="0.003">
    </testcase>
  </testsuite>
  <testsuite name="CorrelationIdMiddleware" errors="0" failures="0" skipped="0" timestamp="2026-06-10T08:25:59" time="0.398" tests="12">
    <testcase classname="CorrelationIdMiddleware should be defined" name="CorrelationIdMiddleware should be defined" time="0.002">
    </testcase>
    <testcase classname="CorrelationIdMiddleware when x-correlation-id header is present and valid attaches the sanitized id to req.correlationId" name="CorrelationIdMiddleware when x-correlation-id header is present and valid attaches the sanitized id to req.correlationId" time="0.001">
    </testcase>
    <testcase classname="CorrelationIdMiddleware when x-correlation-id header is present and valid echoes the id in the X-Correlation-ID response header" name="CorrelationIdMiddleware when x-correlation-id header is present and valid echoes the id in the X-Correlation-ID response header" time="0.001">
    </testcase>
    <testcase classname="CorrelationIdMiddleware when x-correlation-id header is present and valid calls next()" name="CorrelationIdMiddleware when x-correlation-id header is present and valid calls next()" time="0.001">
    </testcase>
    <testcase classname="CorrelationIdMiddleware when x-correlation-id header is absent generates a UUID and assigns it to req.correlationId" name="CorrelationIdMiddleware when x-correlation-id header is absent generates a UUID and assigns it to req.correlationId" time="0.002">
    </testcase>
    <testcase classname="CorrelationIdMiddleware when x-correlation-id header is absent sets the generated id in the X-Correlation-ID response header" name="CorrelationIdMiddleware when x-correlation-id header is absent sets the generated id in the X-Correlation-ID response header" time="0.001">
    </testcase>
    <testcase classname="CorrelationIdMiddleware when x-correlation-id header is absent calls next()" name="CorrelationIdMiddleware when x-correlation-id header is absent calls next()" time="0">
    </testcase>
    <testcase classname="CorrelationIdMiddleware sanitization strips characters outside alphanumeric, hyphen, and underscore" name="CorrelationIdMiddleware sanitization strips characters outside alphanumeric, hyphen, and underscore" time="0">
    </testcase>
    <testcase classname="CorrelationIdMiddleware sanitization truncates ids longer than 128 characters to exactly 128" name="CorrelationIdMiddleware sanitization truncates ids longer than 128 characters to exactly 128" time="0">
    </testcase>
    <testcase classname="CorrelationIdMiddleware sanitization falls back to a generated UUID when the sanitized result is empty" name="CorrelationIdMiddleware sanitization falls back to a generated UUID when the sanitized result is empty" time="0">
    </testcase>
    <testcase classname="CorrelationIdMiddleware sanitization accepts a valid UUID as-is" name="CorrelationIdMiddleware sanitization accepts a valid UUID as-is" time="0">
    </testcase>
    <testcase classname="CorrelationIdMiddleware sanitization handles an array-valued header by falling back to a new UUID" name="CorrelationIdMiddleware sanitization handles an array-valued header by falling back to a new UUID" time="0.001">
    </testcase>
  </testsuite>
  <testsuite name="AllExceptionsFilter" errors="0" failures="0" skipped="0" timestamp="2026-06-10T08:25:59" time="0.448" tests="14">
    <testcase classname="AllExceptionsFilter HttpException handling returns the correct HTTP status code from an HttpException" name="AllExceptionsFilter HttpException handling returns the correct HTTP status code from an HttpException" time="0.005">
    </testcase>
    <testcase classname="AllExceptionsFilter HttpException handling serialises a string HttpException response correctly" name="AllExceptionsFilter HttpException handling serialises a string HttpException response correctly" time="0.001">
    </testcase>
    <testcase classname="AllExceptionsFilter HttpException handling serialises an object HttpException response — string message field" name="AllExceptionsFilter HttpException handling serialises an object HttpException response — string message field" time="0.001">
    </testcase>
    <testcase classname="AllExceptionsFilter HttpException handling joins array message fields with a semicolon" name="AllExceptionsFilter HttpException handling joins array message fields with a semicolon" time="0.002">
    </testcase>
    <testcase classname="AllExceptionsFilter HttpException handling includes the request path in the error envelope" name="AllExceptionsFilter HttpException handling includes the request path in the error envelope" time="0.001">
    </testcase>
    <testcase classname="AllExceptionsFilter HttpException handling includes a timestamp in the error envelope" name="AllExceptionsFilter HttpException handling includes a timestamp in the error envelope" time="0.001">
    </testcase>
    <testcase classname="AllExceptionsFilter HttpException handling reads correlationId from req.correlationId when present" name="AllExceptionsFilter HttpException handling reads correlationId from req.correlationId when present" time="0.001">
    </testcase>
    <testcase classname="AllExceptionsFilter HttpException handling falls back to x-correlation-id header when req.correlationId is absent" name="AllExceptionsFilter HttpException handling falls back to x-correlation-id header when req.correlationId is absent" time="0.001">
    </testcase>
    <testcase classname="AllExceptionsFilter HttpException handling sets correlationId to null when neither source is present" name="AllExceptionsFilter HttpException handling sets correlationId to null when neither source is present" time="0.002">
    </testcase>
    <testcase classname="AllExceptionsFilter non-HttpException handling returns 500 for a plain Error" name="AllExceptionsFilter non-HttpException handling returns 500 for a plain Error" time="0.011">
    </testcase>
    <testcase classname="AllExceptionsFilter non-HttpException handling returns &quot;Internal Server Error&quot; message for any unhandled exception" name="AllExceptionsFilter non-HttpException handling returns &quot;Internal Server Error&quot; message for any unhandled exception" time="0.002">
    </testcase>
    <testcase classname="AllExceptionsFilter non-HttpException handling handles a non-Error thrown value (string)" name="AllExceptionsFilter non-HttpException handling handles a non-Error thrown value (string)" time="0.001">
    </testcase>
    <testcase classname="AllExceptionsFilter non-HttpException handling does not leak error details in production mode" name="AllExceptionsFilter non-HttpException handling does not leak error details in production mode" time="0.001">
    </testcase>
    <testcase classname="AllExceptionsFilter non-HttpException handling returns 500 status code in production mode" name="AllExceptionsFilter non-HttpException handling returns 500 status code in production mode" time="0.002">
    </testcase>
  </testsuite>
  <testsuite name="TransactionController (Unit)" errors="0" failures="0" skipped="0" timestamp="2026-06-10T08:25:53" time="7.045" tests="8">
    <testcase classname="TransactionController (Unit) VAT and change calculation edge cases (SCRUM-316) should calculate correct change amount even with large fractional payments" name="TransactionController (Unit) VAT and change calculation edge cases (SCRUM-316) should calculate correct change amount even with large fractional payments" time="0.038">
    </testcase>
    <testcase classname="TransactionController (Unit) VAT and change calculation edge cases (SCRUM-316) should return 0 change if amountPaid is exactly equal to totalAmount" name="TransactionController (Unit) VAT and change calculation edge cases (SCRUM-316) should return 0 change if amountPaid is exactly equal to totalAmount" time="0.004">
    </testcase>
    <testcase classname="TransactionController (Unit) VAT and change calculation edge cases (SCRUM-316) should gracefully handle 0 VAT transactions (e.g. VAT exempt)" name="TransactionController (Unit) VAT and change calculation edge cases (SCRUM-316) should gracefully handle 0 VAT transactions (e.g. VAT exempt)" time="0.008">
    </testcase>
    <testcase classname="TransactionController (Unit) Hold/Resume, Split Payment, and Partial Refund logic (SCRUM-315) should successfully hold a transaction" name="TransactionController (Unit) Hold/Resume, Split Payment, and Partial Refund logic (SCRUM-315) should successfully hold a transaction" time="0.005">
    </testcase>
    <testcase classname="TransactionController (Unit) Hold/Resume, Split Payment, and Partial Refund logic (SCRUM-315) should resume a held transaction successfully" name="TransactionController (Unit) Hold/Resume, Split Payment, and Partial Refund logic (SCRUM-315) should resume a held transaction successfully" time="0.005">
    </testcase>
    <testcase classname="TransactionController (Unit) Hold/Resume, Split Payment, and Partial Refund logic (SCRUM-315) should throw NotFoundException if trying to resume non-existent hold" name="TransactionController (Unit) Hold/Resume, Split Payment, and Partial Refund logic (SCRUM-315) should throw NotFoundException if trying to resume non-existent hold" time="0.039">
    </testcase>
    <testcase classname="TransactionController (Unit) Hold/Resume, Split Payment, and Partial Refund logic (SCRUM-315) should process a partial refund logic correctly" name="TransactionController (Unit) Hold/Resume, Split Payment, and Partial Refund logic (SCRUM-315) should process a partial refund logic correctly" time="0.007">
    </testcase>
    <testcase classname="TransactionController (Unit) Hold/Resume, Split Payment, and Partial Refund logic (SCRUM-315) should support logic for split payments edge cases (mock simulation)" name="TransactionController (Unit) Hold/Resume, Split Payment, and Partial Refund logic (SCRUM-315) should support logic for split payments edge cases (mock simulation)" time="0.009">
    </testcase>
  </testsuite>
  <testsuite name="validateEnv" errors="0" failures="0" skipped="0" timestamp="2026-06-10T08:26:00" time="0.314" tests="43">
    <testcase classname="validateEnv happy path returns a fully typed config object for a valid env" name="validateEnv happy path returns a fully typed config object for a valid env" time="0.048">
    </testcase>
    <testcase classname="validateEnv happy path accepts production as NODE_ENV" name="validateEnv happy path accepts production as NODE_ENV" time="0.002">
    </testcase>
    <testcase classname="validateEnv happy path accepts test as NODE_ENV" name="validateEnv happy path accepts test as NODE_ENV" time="0.002">
    </testcase>
    <testcase classname="validateEnv happy path includes optional API_CENTER_BASE_URL when provided" name="validateEnv happy path includes optional API_CENTER_BASE_URL when provided" time="0.002">
    </testcase>
    <testcase classname="validateEnv happy path includes optional API_CENTER_API_KEY when provided" name="validateEnv happy path includes optional API_CENTER_API_KEY when provided" time="0.001">
    </testcase>
    <testcase classname="validateEnv happy path includes optional API_CENTER_TRIBE_ID and API_CENTER_TRIBE_SECRET when provided" name="validateEnv happy path includes optional API_CENTER_TRIBE_ID and API_CENTER_TRIBE_SECRET when provided" time="0.001">
    </testcase>
    <testcase classname="validateEnv happy path includes optional API_CENTER_TIMEOUT_MS when provided" name="validateEnv happy path includes optional API_CENTER_TIMEOUT_MS when provided" time="0.012">
    </testcase>
    <testcase classname="validateEnv happy path accepts APICENTER_* aliases" name="validateEnv happy path accepts APICENTER_* aliases" time="0.001">
    </testcase>
    <testcase classname="validateEnv happy path accepts scoped Supabase-only config without default SUPABASE_* trio" name="validateEnv happy path accepts scoped Supabase-only config without default SUPABASE_* trio" time="0.002">
    </testcase>
    <testcase classname="validateEnv happy path accepts incomplete default SUPABASE_* when scoped clients are configured" name="validateEnv happy path accepts incomplete default SUPABASE_* when scoped clients are configured" time="0.002">
    </testcase>
    <testcase classname="validateEnv happy path omits API_CENTER_BASE_URL from result when not set" name="validateEnv happy path omits API_CENTER_BASE_URL from result when not set" time="0.001">
    </testcase>
    <testcase classname="validateEnv happy path defaults ENABLE_SWAGGER to &quot;false&quot; when not set" name="validateEnv happy path defaults ENABLE_SWAGGER to &quot;false&quot; when not set" time="0.002">
    </testcase>
    <testcase classname="validateEnv happy path uses the provided ENABLE_SWAGGER value when set" name="validateEnv happy path uses the provided ENABLE_SWAGGER value when set" time="0.002">
    </testcase>
    <testcase classname="validateEnv happy path trims leading/trailing whitespace from string values" name="validateEnv happy path trims leading/trailing whitespace from string values" time="0.001">
    </testcase>
    <testcase classname="validateEnv NODE_ENV validation throws for an invalid NODE_ENV value" name="validateEnv NODE_ENV validation throws for an invalid NODE_ENV value" time="0.023">
    </testcase>
    <testcase classname="validateEnv NODE_ENV validation throws when NODE_ENV is missing" name="validateEnv NODE_ENV validation throws when NODE_ENV is missing" time="0.002">
    </testcase>
    <testcase classname="validateEnv NODE_ENV validation throws when NODE_ENV is an empty string" name="validateEnv NODE_ENV validation throws when NODE_ENV is an empty string" time="0.001">
    </testcase>
    <testcase classname="validateEnv PORT validation throws when PORT is missing" name="validateEnv PORT validation throws when PORT is missing" time="0.001">
    </testcase>
    <testcase classname="validateEnv PORT validation throws when PORT is zero" name="validateEnv PORT validation throws when PORT is zero" time="0.002">
    </testcase>
    <testcase classname="validateEnv PORT validation throws when PORT is above 65535" name="validateEnv PORT validation throws when PORT is above 65535" time="0.001">
    </testcase>
    <testcase classname="validateEnv PORT validation throws when PORT is not a number" name="validateEnv PORT validation throws when PORT is not a number" time="0.002">
    </testcase>
    <testcase classname="validateEnv PORT validation accepts PORT at boundary value 1" name="validateEnv PORT validation accepts PORT at boundary value 1" time="0.002">
    </testcase>
    <testcase classname="validateEnv PORT validation accepts PORT at boundary value 65535" name="validateEnv PORT validation accepts PORT at boundary value 65535" time="0.004">
    </testcase>
    <testcase classname="validateEnv required string fields throws when SUPABASE_URL is missing" name="validateEnv required string fields throws when SUPABASE_URL is missing" time="0.002">
    </testcase>
    <testcase classname="validateEnv required string fields throws when SUPABASE_URL is an empty string" name="validateEnv required string fields throws when SUPABASE_URL is an empty string" time="0.001">
    </testcase>
    <testcase classname="validateEnv required string fields throws when SUPABASE_URL is whitespace only" name="validateEnv required string fields throws when SUPABASE_URL is whitespace only" time="0.001">
    </testcase>
    <testcase classname="validateEnv required string fields throws when SUPABASE_ANON_KEY is missing" name="validateEnv required string fields throws when SUPABASE_ANON_KEY is missing" time="0.001">
    </testcase>
    <testcase classname="validateEnv required string fields throws when SUPABASE_ANON_KEY is an empty string" name="validateEnv required string fields throws when SUPABASE_ANON_KEY is an empty string" time="0.002">
    </testcase>
    <testcase classname="validateEnv required string fields throws when SUPABASE_ANON_KEY is whitespace only" name="validateEnv required string fields throws when SUPABASE_ANON_KEY is whitespace only" time="0.001">
    </testcase>
    <testcase classname="validateEnv required string fields throws when SUPABASE_SERVICE_ROLE_KEY is missing" name="validateEnv required string fields throws when SUPABASE_SERVICE_ROLE_KEY is missing" time="0.001">
    </testcase>
    <testcase classname="validateEnv required string fields throws when SUPABASE_SERVICE_ROLE_KEY is an empty string" name="validateEnv required string fields throws when SUPABASE_SERVICE_ROLE_KEY is an empty string" time="0.001">
    </testcase>
    <testcase classname="validateEnv required string fields throws when SUPABASE_SERVICE_ROLE_KEY is whitespace only" name="validateEnv required string fields throws when SUPABASE_SERVICE_ROLE_KEY is whitespace only" time="0.001">
    </testcase>
    <testcase classname="validateEnv required string fields throws when ALLOWED_ORIGINS is missing" name="validateEnv required string fields throws when ALLOWED_ORIGINS is missing" time="0.001">
    </testcase>
    <testcase classname="validateEnv required string fields throws when ALLOWED_ORIGINS is an empty string" name="validateEnv required string fields throws when ALLOWED_ORIGINS is an empty string" time="0.001">
    </testcase>
    <testcase classname="validateEnv required string fields throws when ALLOWED_ORIGINS is whitespace only" name="validateEnv required string fields throws when ALLOWED_ORIGINS is whitespace only" time="0.002">
    </testcase>
    <testcase classname="validateEnv optional field warnings does not throw when API_CENTER_BASE_URL is missing" name="validateEnv optional field warnings does not throw when API_CENTER_BASE_URL is missing" time="0.003">
    </testcase>
    <testcase classname="validateEnv optional field warnings does not throw when API_CENTER_API_KEY is missing" name="validateEnv optional field warnings does not throw when API_CENTER_API_KEY is missing" time="0.001">
    </testcase>
    <testcase classname="validateEnv optional field warnings does not throw when only APICENTER_URL alias is set" name="validateEnv optional field warnings does not throw when only APICENTER_URL alias is set" time="0.001">
    </testcase>
    <testcase classname="validateEnv optional field warnings throws when API_CENTER_TIMEOUT_MS is invalid" name="validateEnv optional field warnings throws when API_CENTER_TIMEOUT_MS is invalid" time="0.003">
    </testcase>
    <testcase classname="validateEnv optional field warnings throws when API_CENTER_TIMEOUT_MS is zero" name="validateEnv optional field warnings throws when API_CENTER_TIMEOUT_MS is zero" time="0.002">
    </testcase>
    <testcase classname="validateEnv production APICenter requirements throws in production when API center base URL is missing" name="validateEnv production APICenter requirements throws in production when API center base URL is missing" time="0.002">
    </testcase>
    <testcase classname="validateEnv production APICenter requirements throws in production when auth variables are missing" name="validateEnv production APICenter requirements throws in production when auth variables are missing" time="0.002">
    </testcase>
    <testcase classname="validateEnv production APICenter requirements passes in production with tribe credentials" name="validateEnv production APICenter requirements passes in production with tribe credentials" time="0.001">
    </testcase>
  </testsuite>
  <testsuite name="BODY_SIZE_LIMIT" errors="0" failures="0" skipped="0" timestamp="2026-06-10T08:26:00" time="0.198" tests="32">
    <testcase classname="BODY_SIZE_LIMIT is defined" name="BODY_SIZE_LIMIT is defined" time="0.002">
    </testcase>
    <testcase classname="BODY_SIZE_LIMIT equals &quot;5mb&quot;" name="BODY_SIZE_LIMIT equals &quot;5mb&quot;" time="0.001">
    </testcase>
    <testcase classname="helmetConfig is defined" name="helmetConfig is defined" time="0">
    </testcase>
    <testcase classname="helmetConfig has contentSecurityPolicy with defaultSrc self-only" name="helmetConfig has contentSecurityPolicy with defaultSrc self-only" time="0">
    </testcase>
    <testcase classname="helmetConfig has scriptSrc restricted to self" name="helmetConfig has scriptSrc restricted to self" time="0">
    </testcase>
    <testcase classname="helmetConfig has frameAncestors set to none (clickjacking protection)" name="helmetConfig has frameAncestors set to none (clickjacking protection)" time="0.001">
    </testcase>
    <testcase classname="helmetConfig has objectSrc set to none" name="helmetConfig has objectSrc set to none" time="0">
    </testcase>
    <testcase classname="helmetConfig has hsts maxAge of 1 year (31536000)" name="helmetConfig has hsts maxAge of 1 year (31536000)" time="0.001">
    </testcase>
    <testcase classname="helmetConfig has hsts includeSubDomains enabled" name="helmetConfig has hsts includeSubDomains enabled" time="0">
    </testcase>
    <testcase classname="helmetConfig has hsts preload enabled" name="helmetConfig has hsts preload enabled" time="0">
    </testcase>
    <testcase classname="helmetConfig has noSniff enabled" name="helmetConfig has noSniff enabled" time="0.001">
    </testcase>
    <testcase classname="helmetConfig has referrerPolicy set to no-referrer" name="helmetConfig has referrerPolicy set to no-referrer" time="0">
    </testcase>
    <testcase classname="helmetConfig has frameguard disabled (using CSP frame-ancestors instead)" name="helmetConfig has frameguard disabled (using CSP frame-ancestors instead)" time="0">
    </testcase>
    <testcase classname="helmetConfigSwagger is defined" name="helmetConfigSwagger is defined" time="0.001">
    </testcase>
    <testcase classname="helmetConfigSwagger allows unsafe-inline scripts (required by Swagger UI)" name="helmetConfigSwagger allows unsafe-inline scripts (required by Swagger UI)" time="0.001">
    </testcase>
    <testcase classname="helmetConfigSwagger allows unsafe-inline styles (required by Swagger UI)" name="helmetConfigSwagger allows unsafe-inline styles (required by Swagger UI)" time="0">
    </testcase>
    <testcase classname="helmetConfigSwagger still enforces frameAncestors none" name="helmetConfigSwagger still enforces frameAncestors none" time="0.001">
    </testcase>
    <testcase classname="helmetConfigSwagger still has hsts enabled" name="helmetConfigSwagger still has hsts enabled" time="0">
    </testcase>
    <testcase classname="helmetConfigSwagger still has noSniff enabled" name="helmetConfigSwagger still has noSniff enabled" time="0">
    </testcase>
    <testcase classname="corsOptions allows a whitelisted origin" name="corsOptions allows a whitelisted origin" time="0">
    </testcase>
    <testcase classname="corsOptions allows a second whitelisted origin" name="corsOptions allows a second whitelisted origin" time="0.001">
    </testcase>
    <testcase classname="corsOptions rejects an origin not in the whitelist" name="corsOptions rejects an origin not in the whitelist" time="0.001">
    </testcase>
    <testcase classname="corsOptions allows requests with no origin (server-to-server / health probes)" name="corsOptions allows requests with no origin (server-to-server / health probes)" time="0">
    </testcase>
    <testcase classname="corsOptions rejects all origins when allowedOriginsEnv is empty string" name="corsOptions rejects all origins when allowedOriginsEnv is empty string" time="0.001">
    </testcase>
    <testcase classname="corsOptions rejects all browser origins when allowedOriginsEnv is undefined" name="corsOptions rejects all browser origins when allowedOriginsEnv is undefined" time="0">
    </testcase>
    <testcase classname="corsOptions trims whitespace around origin entries" name="corsOptions trims whitespace around origin entries" time="0.001">
    </testcase>
    <testcase classname="corsOptions includes credentials: true" name="corsOptions includes credentials: true" time="0">
    </testcase>
    <testcase classname="corsOptions exposes X-Request-Id header" name="corsOptions exposes X-Request-Id header" time="0">
    </testcase>
    <testcase classname="corsOptions includes standard HTTP methods" name="corsOptions includes standard HTTP methods" time="0">
    </testcase>
    <testcase classname="corsOptions includes Authorization in allowedHeaders" name="corsOptions includes Authorization in allowedHeaders" time="0.001">
    </testcase>
    <testcase classname="corsOptions sets maxAge to 86400 (24h preflight cache)" name="corsOptions sets maxAge to 86400 (24h preflight cache)" time="0">
    </testcase>
    <testcase classname="corsOptions does not allow a prefix-matched subdomain attack" name="corsOptions does not allow a prefix-matched subdomain attack" time="0.001">
    </testcase>
  </testsuite>
  <testsuite name="StockController stock adjustment and transfer logic" errors="0" failures="0" skipped="0" timestamp="2026-06-10T08:25:58" time="2.648" tests="4">
    <testcase classname="StockController stock adjustment and transfer logic increments stock when amount is positive" name="StockController stock adjustment and transfer logic increments stock when amount is positive" time="0.005">
    </testcase>
    <testcase classname="StockController stock adjustment and transfer logic decrements stock when amount is negative" name="StockController stock adjustment and transfer logic decrements stock when amount is negative" time="0.002">
    </testcase>
    <testcase classname="StockController stock adjustment and transfer logic emits stock.low when adjusted stock is below threshold" name="StockController stock adjustment and transfer logic emits stock.low when adjusted stock is below threshold" time="0.001">
    </testcase>
    <testcase classname="StockController stock adjustment and transfer logic creates a stock transfer request" name="StockController stock adjustment and transfer logic creates a stock transfer request" time="0.002">
    </testcase>
  </testsuite>
  <testsuite name="AppController" errors="0" failures="0" skipped="0" timestamp="2026-06-10T08:25:59" time="2.353" tests="1">
    <testcase classname="AppController root should return &quot;Hello World!&quot;" name="AppController root should return &quot;Hello World!&quot;" time="0.022">
    </testcase>
  </testsuite>
  <testsuite name="AppController" errors="0" failures="0" skipped="0" timestamp="2026-06-10T08:25:59" time="2.261" tests="1">
    <testcase classname="AppController root should return &quot;Hello World!&quot;" name="AppController root should return &quot;Hello World!&quot;" time="0.036">
    </testcase>
  </testsuite>
  <testsuite name="AppController" errors="0" failures="0" skipped="0" timestamp="2026-06-10T08:25:59" time="2.298" tests="1">
    <testcase classname="AppController root should return &quot;Hello World!&quot;" name="AppController root should return &quot;Hello World!&quot;" time="0.048">
    </testcase>
  </testsuite>
  <testsuite name="AppController" errors="0" failures="0" skipped="0" timestamp="2026-06-10T08:25:59" time="2.133" tests="1">
    <testcase classname="AppController root should return &quot;Hello World!&quot;" name="AppController root should return &quot;Hello World!&quot;" time="0.028">
    </testcase>
  </testsuite>
  <testsuite name="AppController" errors="0" failures="0" skipped="0" timestamp="2026-06-10T08:25:59" time="2.272" tests="1">
    <testcase classname="AppController root should return &quot;Hello World!&quot;" name="AppController root should return &quot;Hello World!&quot;" time="0.02">
    </testcase>
  </testsuite>
  <testsuite name="AppController" errors="0" failures="0" skipped="0" timestamp="2026-06-10T08:26:00" time="2.076" tests="1">
    <testcase classname="AppController root should return &quot;Hello World!&quot;" name="AppController root should return &quot;Hello World!&quot;" time="0.019">
    </testcase>
  </testsuite>
  <testsuite name="ReceiptController" errors="0" failures="0" skipped="0" timestamp="2026-06-10T08:25:59" time="2.789" tests="7">
    <testcase classname="ReceiptController should be defined" name="ReceiptController should be defined" time="0.023">
    </testcase>
    <testcase classname="ReceiptController printReceipt should return success with receipt number" name="ReceiptController printReceipt should return success with receipt number" time="0.048">
    </testcase>
    <testcase classname="ReceiptController printReceipt should handle split payments" name="ReceiptController printReceipt should handle split payments" time="0.01">
    </testcase>
    <testcase classname="ReceiptController printReceipt should handle missing receipt number gracefully" name="ReceiptController printReceipt should handle missing receipt number gracefully" time="0.015">
    </testcase>
    <testcase classname="ReceiptController getReceipt should throw BadRequestException for invalid transactionId" name="ReceiptController getReceipt should throw BadRequestException for invalid transactionId" time="0.016">
    </testcase>
    <testcase classname="ReceiptController getReceipt should return receipt for valid transactionId" name="ReceiptController getReceipt should return receipt for valid transactionId" time="0.003">
    </testcase>
    <testcase classname="ReceiptController getReceipt should throw NotFoundException when transaction not found" name="ReceiptController getReceipt should throw NotFoundException when transaction not found" time="0.004">
    </testcase>
  </testsuite>
  <testsuite name="AppController" errors="0" failures="0" skipped="0" timestamp="2026-06-10T08:26:00" time="2.105" tests="1">
    <testcase classname="AppController root should return &quot;Hello World!&quot;" name="AppController root should return &quot;Hello World!&quot;" time="0.024">
    </testcase>
  </testsuite>
  <testsuite name="BranchesService" errors="0" failures="0" skipped="0" timestamp="2026-06-10T08:25:59" time="2.642" tests="5">
    <testcase classname="BranchesService should be defined" name="BranchesService should be defined" time="0.038">
    </testcase>
    <testcase classname="BranchesService getBranches should return normalized branches" name="BranchesService getBranches should return normalized branches" time="0.005">
    </testcase>
    <testcase classname="BranchesService getBranches should return cached branches on second call" name="BranchesService getBranches should return cached branches on second call" time="0.003">
    </testcase>
    <testcase classname="BranchesService getInventory should return branch inventory" name="BranchesService getInventory should return branch inventory" time="0.004">
    </testcase>
    <testcase classname="BranchesService getInventory should handle errors returning empty array" name="BranchesService getInventory should handle errors returning empty array" time="0.004">
    </testcase>
  </testsuite>
  <testsuite name="TransactionService" errors="0" failures="0" skipped="0" timestamp="2026-06-10T08:26:00" time="2.338" tests="6">
    <testcase classname="TransactionService should be defined" name="TransactionService should be defined" time="0.017">
    </testcase>
    <testcase classname="TransactionService decrementStock should skip items without product_id" name="TransactionService decrementStock should skip items without product_id" time="0.005">
    </testcase>
    <testcase classname="TransactionService decrementStock should call inventory service for each item with product_id" name="TransactionService decrementStock should call inventory service for each item with product_id" time="0.017">
    </testcase>
    <testcase classname="TransactionService decrementStock should handle fetch errors gracefully" name="TransactionService decrementStock should handle fetch errors gracefully" time="0.016">
    </testcase>
    <testcase classname="TransactionService decrementStock should log error when stock adjustment returns non-ok" name="TransactionService decrementStock should log error when stock adjustment returns non-ok" time="0.003">
    </testcase>
    <testcase classname="TransactionService decrementStock should handle empty items array" name="TransactionService decrementStock should handle empty items array" time="0.004">
    </testcase>
  </testsuite>
  <testsuite name="AppController" errors="0" failures="0" skipped="0" timestamp="2026-06-10T08:26:01" time="2.044" tests="1">
    <testcase classname="AppController root should return &quot;Hello World!&quot;" name="AppController root should return &quot;Hello World!&quot;" time="0.019">
    </testcase>
  </testsuite>
  <testsuite name="AppController" errors="0" failures="0" skipped="0" timestamp="2026-06-10T08:26:02" time="0.849" tests="1">
    <testcase classname="AppController root should return &quot;Hello World!&quot;" name="AppController root should return &quot;Hello World!&quot;" time="0.015">
    </testcase>
  </testsuite>
  <testsuite name="HealthController" errors="0" failures="0" skipped="0" timestamp="2026-06-10T08:26:01" time="1.511" tests="4">
    <testcase classname="HealthController should be defined" name="HealthController should be defined" time="0.027">
    </testcase>
    <testcase classname="HealthController returns 200 with ok payload when both checks pass" name="HealthController returns 200 with ok payload when both checks pass" time="0.006">
    </testcase>
    <testcase classname="HealthController returns 200 with degraded payload when one check fails" name="HealthController returns 200 with degraded payload when one check fails" time="0.004">
    </testcase>
    <testcase classname="HealthController throws HttpException 503 when both checks fail" name="HealthController throws HttpException 503 when both checks fail" time="0.033">
    </testcase>
  </testsuite>
  <testsuite name="LocationController" errors="0" failures="0" skipped="0" timestamp="2026-06-10T08:26:02" time="1.261" tests="5">
    <testcase classname="LocationController should be defined" name="LocationController should be defined" time="0.029">
    </testcase>
    <testcase classname="LocationController resolve should call geoReverseGeocode via service and return address info" name="LocationController resolve should call geoReverseGeocode via service and return address info" time="0.009">
    </testcase>
    <testcase classname="LocationController resolve should reject missing coordinates" name="LocationController resolve should reject missing coordinates" time="0.019">
    </testcase>
    <testcase classname="LocationController checkFence should call geoFenceCheck via service and return inside status" name="LocationController checkFence should call geoFenceCheck via service and return inside status" time="0.004">
    </testcase>
    <testcase classname="LocationController checkFence should handle request without fenceId gracefully" name="LocationController checkFence should handle request without fenceId gracefully" time="0.004">
    </testcase>
  </testsuite>
  <testsuite name="AppController" errors="0" failures="0" skipped="0" timestamp="2026-06-10T08:26:01" time="1.956" tests="1">
    <testcase classname="AppController root should return &quot;Hello World!&quot;" name="AppController root should return &quot;Hello World!&quot;" time="0.018">
    </testcase>
  </testsuite>
  <testsuite name="ApiService" errors="0" failures="0" skipped="0" timestamp="2026-06-10T08:26:03" time="0.558" tests="4">
    <testcase classname="ApiService should be defined" name="ApiService should be defined" time="0.007">
    </testcase>
    <testcase classname="ApiService getServiceInfo returns the correct service name" name="ApiService getServiceInfo returns the correct service name" time="0.004">
    </testcase>
    <testcase classname="ApiService getServiceInfo returns the correct version" name="ApiService getServiceInfo returns the correct version" time="0.003">
    </testcase>
    <testcase classname="ApiService getServiceInfo returns an object with both service and version keys" name="ApiService getServiceInfo returns an object with both service and version keys" time="0.003">
    </testcase>
  </testsuite>
  <testsuite name="AppController" errors="0" failures="0" skipped="0" timestamp="2026-06-10T08:26:01" time="1.905" tests="1">
    <testcase classname="AppController root should return &quot;Hello World!&quot;" name="AppController root should return &quot;Hello World!&quot;" time="0.008">
    </testcase>
  </testsuite>
  <testsuite name="AppController" errors="0" failures="0" skipped="0" timestamp="2026-06-10T08:26:01" time="1.896" tests="1">
    <testcase classname="AppController root should return &quot;Hello World!&quot;" name="AppController root should return &quot;Hello World!&quot;" time="0.012">
    </testcase>
  </testsuite>
  <testsuite name="HealthService" errors="0" failures="0" skipped="0" timestamp="2026-06-10T08:26:02" time="1.343" tests="5">
    <testcase classname="HealthService should be defined" name="HealthService should be defined" time="0.016">
    </testcase>
    <testcase classname="HealthService returns ok when both checks pass" name="HealthService returns ok when both checks pass" time="0.004">
    </testcase>
    <testcase classname="HealthService returns degraded when database fails but apiCenter passes" name="HealthService returns degraded when database fails but apiCenter passes" time="0.002">
    </testcase>
    <testcase classname="HealthService returns degraded when apiCenter fails but database passes" name="HealthService returns degraded when apiCenter fails but database passes" time="0.003">
    </testcase>
    <testcase classname="HealthService returns error when both checks fail" name="HealthService returns error when both checks fail" time="0.003">
    </testcase>
  </testsuite>
  <testsuite name="ApiController" errors="0" failures="0" skipped="0" timestamp="2026-06-10T08:26:03" time="0.706" tests="1">
    <testcase classname="ApiController root should return service info" name="ApiController root should return service info" time="0.008">
    </testcase>
  </testsuite>
  <testsuite name="AppController" errors="0" failures="0" skipped="0" timestamp="2026-06-10T08:26:02" time="1.651" tests="1">
    <testcase classname="AppController root should return &quot;Hello World!&quot;" name="AppController root should return &quot;Hello World!&quot;" time="0.008">
    </testcase>
  </testsuite>
  <testsuite name="AppController" errors="0" failures="0" skipped="0" timestamp="2026-06-10T08:26:02" time="1.47" tests="1">
    <testcase classname="AppController root should return &quot;Hello World!&quot;" name="AppController root should return &quot;Hello World!&quot;" time="0.007">
    </testcase>
  </testsuite>
</testsuites>